0 info it worked if it ends with ok
1 verbose cli [ 'C:\\Program Files\\nodejs\\node.exe',
1 verbose cli   'C:\\Program Files\\nodejs\\node_modules\\npm\\bin\\npm-cli.js',
1 verbose cli   'run',
1 verbose cli   'watch' ]
2 info using npm@3.10.9
3 info using node@v7.1.0
4 verbose run-script [ 'prewatch', 'watch', 'postwatch' ]
5 info lifecycle cotd@0.0.1~prewatch: cotd@0.0.1
6 silly lifecycle cotd@0.0.1~prewatch: no script for prewatch, continuing
7 info lifecycle cotd@0.0.1~watch: cotd@0.0.1
8 verbose lifecycle cotd@0.0.1~watch: unsafe-perm in lifecycle true
9 verbose lifecycle cotd@0.0.1~watch: PATH: C:\Program Files\nodejs\node_modules\npm\bin\node-gyp-bin;C:\Users\braithwaited\OneDrive\Personal\React+For+Beginners+1+of+2\Training\catch-of-the-day\node_modules\.bin;C:\Program Files\cmder\bin;C:\Program Files\cmder\vendor\git-for-windows\cmd;C:\Program Files\cmder\vendor\conemu-maximus5\ConEmu\Scripts;C:\Program Files\cmder\vendor\conemu-maximus5;C:\Program Files\cmder\vendor\conemu-maximus5\ConEmu;C:\Program Files (x86)\Intel\iCLS Client\;C:\Program Files\Intel\iCLS Client\;C:\ProgramData\Oracle\Java\javapath;C:\windows\system32;C:\windows;C:\windows\System32\Wbem;C:\windows\System32\WindowsPowerShell\v1.0\;C:\Program Files (x86)\Windows Kits\8.1\Windows Performance Toolkit\;C:\Program Files\Microsoft SQL Server\110\Tools\Binn\;C:\Program Files (x86)\NVIDIA Corporation\PhysX\Common;C:\Program Files\Microsoft\Web Platform Installer\;C:\Program Files (x86)\Skype\Phone\;C:\Program Files (x86)\QuickTime\QTSystem\;C:\Program Files\Microsoft SQL Server\120\Tools\Binn\;C:\WINDOWS\system32;C:\WINDOWS;C:\WINDOWS\System32\Wbem;C:\WINDOWS\System32\WindowsPowerShell\v1.0\;C:\Program Files (x86)\Intel\Intel(R) Management Engine Components\DAL;C:\Program Files\Intel\Intel(R) Management Engine Components\DAL;C:\Program Files (x86)\Intel\Intel(R) Management Engine Components\IPT;C:\Program Files\Intel\Intel(R) Management Engine Components\IPT;C:\Program Files\nodejs\;C:\Users\braithwaited\AppData\Local\Microsoft\WindowsApps;C:\Users\braithwaited\AppData\Roaming\npm;C:\Program Files\cmder\vendor\git-for-windows\usr\bin;C:\Program Files\cmder\vendor\git-for-windows\usr\share\vim\vim74;C:\Program Files\cmder\
10 verbose lifecycle cotd@0.0.1~watch: CWD: C:\Users\braithwaited\OneDrive\Personal\React+For+Beginners+1+of+2\Training\catch-of-the-day
11 silly lifecycle cotd@0.0.1~watch: Args: [ '/d /s /c',
11 silly lifecycle   'concurrently --names \'webpack, stylus\' --prefix name \'npm run start\' \'npm run styles:watch\'' ]
12 silly lifecycle cotd@0.0.1~watch: Returned: code: 1  signal: null
13 info lifecycle cotd@0.0.1~watch: Failed to exec watch script
14 verbose stack Error: cotd@0.0.1 watch: `concurrently --names 'webpack, stylus' --prefix name 'npm run start' 'npm run styles:watch'`
14 verbose stack Exit status 1
14 verbose stack     at EventEmitter.<anonymous> (C:\Program Files\nodejs\node_modules\npm\lib\utils\lifecycle.js:255:16)
14 verbose stack     at emitTwo (events.js:106:13)
14 verbose stack     at EventEmitter.emit (events.js:191:7)
14 verbose stack     at ChildProcess.<anonymous> (C:\Program Files\nodejs\node_modules\npm\lib\utils\spawn.js:40:14)
14 verbose stack     at emitTwo (events.js:106:13)
14 verbose stack     at ChildProcess.emit (events.js:191:7)
14 verbose stack     at maybeClose (internal/child_process.js:885:16)
14 verbose stack     at Process.ChildProcess._handle.onexit (internal/child_process.js:226:5)
15 verbose pkgid cotd@0.0.1
16 verbose cwd C:\Users\braithwaited\OneDrive\Personal\React+For+Beginners+1+of+2\Training\catch-of-the-day
17 error Windows_NT 10.0.14393
18 error argv "C:\\Program Files\\nodejs\\node.exe" "C:\\Program Files\\nodejs\\node_modules\\npm\\bin\\npm-cli.js" "run" "watch"
19 error node v7.1.0
20 error npm  v3.10.9
21 error code ELIFECYCLE
22 error cotd@0.0.1 watch: `concurrently --names 'webpack, stylus' --prefix name 'npm run start' 'npm run styles:watch'`
22 error Exit status 1
23 error Failed at the cotd@0.0.1 watch script 'concurrently --names 'webpack, stylus' --prefix name 'npm run start' 'npm run styles:watch''.
23 error Make sure you have the latest version of node.js and npm installed.
23 error If you do, this is most likely a problem with the cotd package,
23 error not with npm itself.
23 error Tell the author that this fails on your system:
23 error     concurrently --names 'webpack, stylus' --prefix name 'npm run start' 'npm run styles:watch'
23 error You can get information on how to open an issue for this project with:
23 error     npm bugs cotd
23 error Or if that isn't available, you can get their info via:
23 error     npm owner ls cotd
23 error There is likely additional logging output above.
24 verbose exit [ 1, true ]
